Unity Editor version:    2021.1.19f1 (5f5eb8bbdc25)
Branch:                  2021.1/staging
Build type:              Release
Batch mode:              YES
macOS version:           Version 11.5.2 (Build 20G95)
Darwin version:          20.6.0
Architecture:            x86_64
Running under Rosetta:   YES
Available memory:        8192 MB
Using pre-set license
Pro License: NO
Pro License: NO

COMMAND LINE ARGUMENTS:
/Applications/Unity/Hub/Editor/2021.1.19f1/Unity.app/Contents/MacOS/Unity
-adb2
-batchMode
-noUpm
-name
AssetImportWorker0
-projectPath
/Users/scatopc/Documents/GitHub/big-game-with-brennen-and-nick
-logFile
Logs/AssetImportWorker0.log
-srvPort
51419
Successfully changed project path to: /Users/scatopc/Documents/GitHub/big-game-with-brennen-and-nick
/Users/scatopc/Documents/GitHub/big-game-with-brennen-and-nick
Using Asset Import Pipeline V2.
Refreshing native plugins compatible for Editor in 159.62 ms, found 3 plugins.
Preloading 0 native plugins for Editor in 0.00 ms.
Initialize engine version: 2021.1.19f1 (5f5eb8bbdc25)
[Subsystems] Discovering subsystems at path /Applications/Unity/Hub/Editor/2021.1.19f1/Unity.app/Contents/Resources/UnitySubsystems
[Subsystems] Discovering subsystems at path /Users/scatopc/Documents/GitHub/big-game-with-brennen-and-nick/Assets
GfxDevice: creating device client; threaded=0; jobified=0
2021-12-01 17:15:31.845 Unity[49990:2070245] (null) preferred device: Apple M1 (high power)
2021-12-01 17:15:31.845 Unity[49990:2070245] Metal devices available: 1
2021-12-01 17:15:31.845 Unity[49990:2070245] 0: Apple M1 (high power)
2021-12-01 17:15:31.846 Unity[49990:2070245] Using device Apple M1 (high power)
Initializing Metal device caps: Apple M1
Initialize mono
Mono path[0] = '/Applications/Unity/Hub/Editor/2021.1.19f1/Unity.app/Contents/Managed'
Mono path[1] = '/Applications/Unity/Hub/Editor/2021.1.19f1/Unity.app/Contents/MonoBleedingEdge/lib/mono/unityjit'
Mono config path = '/Applications/Unity/Hub/Editor/2021.1.19f1/Unity.app/Contents/MonoBleedingEdge/etc'
Using monoOptions --debugger-agent=transport=dt_socket,embedding=1,server=y,suspend=n,address=127.0.0.1:56990
Begin MonoManager ReloadAssembly
Registering precompiled unity dll's ...
Register platform support module: /Applications/Unity/Hub/Editor/2021.1.19f1/Unity.app/Contents/PlaybackEngines/MacStandaloneSupport/UnityEditor.OSXStandalone.Extensions.dll
Registered in 0.001209 seconds.
Native extension for OSXStandalone target not found
Refreshing native plugins compatible for Editor in 103.58 ms, found 3 plugins.
Preloading 0 native plugins for Editor in 0.00 ms.
Mono: successfully reloaded assembly
- Completed reload, in  2.822 seconds
Domain Reload Profiling:
	ReloadAssembly (2823ms)
		BeginReloadAssembly (120ms)
			ExecutionOrderSort (0ms)
			DisableScriptedObjects (0ms)
			BackupInstance (0ms)
			ReleaseScriptingObjects (0ms)
			CreateAndSetChildDomain (5ms)
		EndReloadAssembly (1002ms)
			LoadAssemblies (115ms)
			RebuildTransferFunctionScriptingTraits (1ms)
			SetupTypeCache (212ms)
			ReleaseScriptCaches (0ms)
			RebuildScriptCaches (43ms)
			SetupLoadedEditorAssemblies (625ms)
				LogAssemblyErrors (0ms)
				InitializePlatformSupportModulesInManaged (16ms)
				SetLoadedEditorAssemblies (1ms)
				RefreshPlugins (104ms)
				BeforeProcessingInitializeOnLoad (6ms)
				ProcessInitializeOnLoadAttributes (377ms)
				ProcessInitializeOnLoadMethodAttributes (121ms)
				AfterProcessingInitializeOnLoad (0ms)
				EditorAssembliesLoaded (2ms)
			ExecutionOrderSort2 (0ms)
			AwakeInstancesAfterBackupRestoration (0ms)
Platform modules already initialized, skipping
Registering precompiled user dll's ...
Registered in 0.003819 seconds.
Begin MonoManager ReloadAssembly
Symbol file LoadedFromMemory doesn't match image /Users/scatopc/Documents/GitHub/big-game-with-brennen-and-nick/Library/PackageCache/com.unity.visualscripting@1.6.1/Editor/VisualScripting.Core/Dependencies/YamlDotNet/Unity.VisualScripting.YamlDotNet.dll
Symbol file LoadedFromMemory doesn't match image /Users/scatopc/Documents/GitHub/big-game-with-brennen-and-nick/Library/PackageCache/com.unity.visualscripting@1.6.1/Editor/VisualScripting.Core/Dependencies/DotNetZip/Unity.VisualScripting.IonicZip.dll
Native extension for OSXStandalone target not found
Refreshing native plugins compatible for Editor in 103.26 ms, found 3 plugins.
Preloading 0 native plugins for Editor in 0.00 ms.
Mono: successfully reloaded assembly
- Completed reload, in  2.728 seconds
Domain Reload Profiling:
	ReloadAssembly (2730ms)
		BeginReloadAssembly (278ms)
			ExecutionOrderSort (0ms)
			DisableScriptedObjects (33ms)
			BackupInstance (0ms)
			ReleaseScriptingObjects (0ms)
			CreateAndSetChildDomain (43ms)
		EndReloadAssembly (2343ms)
			LoadAssemblies (205ms)
			RebuildTransferFunctionScriptingTraits (0ms)
			SetupTypeCache (463ms)
			ReleaseScriptCaches (1ms)
			RebuildScriptCaches (66ms)
			SetupLoadedEditorAssemblies (1314ms)
				LogAssemblyErrors (0ms)
				InitializePlatformSupportModulesInManaged (9ms)
				SetLoadedEditorAssemblies (0ms)
				RefreshPlugins (103ms)
				BeforeProcessingInitializeOnLoad (125ms)
				ProcessInitializeOnLoadAttributes (1024ms)
				ProcessInitializeOnLoadMethodAttributes (50ms)
				AfterProcessingInitializeOnLoad (1ms)
				EditorAssembliesLoaded (0ms)
			ExecutionOrderSort2 (0ms)
			AwakeInstancesAfterBackupRestoration (39ms)
Platform modules already initialized, skipping
========================================================================
Worker process is ready to serve import requests
Launching external process: /Applications/Unity/Hub/Editor/2021.1.19f1/Unity.app/Contents/Tools/UnityShaderCompiler
Launched and connected shader compiler UnityShaderCompiler after 0.06 seconds
Refreshing native plugins compatible for Editor in 0.61 ms, found 3 plugins.
Preloading 0 native plugins for Editor in 0.00 ms.
Unloading 3690 Unused Serialized files (Serialized files now loaded: 0)
System memory in use before: 254.8 MB.
System memory in use after: 255.1 MB.

Unloading 30 unused Assets to reduce memory usage. Loaded Objects now: 4141.
Total: 2.761208 ms (FindLiveObjects: 0.189584 ms CreateObjectMapping: 0.088417 ms MarkObjects: 2.427583 ms  DeleteObjects: 0.054833 ms)

AssetImportParameters requested are different than current active one (requested -> active):
  custom:video-decoder-ogg-theora: a1e56fd34408186e4bbccfd4996cb3dc -> 
  custom:container-muxer-webm: aa71ff27fc2769a1b78a27578f13a17b -> 
  custom:container-demuxer-webm: 4f35f7cbe854078d1ac9338744f61a02 -> 
  custom:container-demuxer-ogg: 62fdf1f143b41e24485cea50d1cbac27 -> 
  custom:video-encoder-webm-vp8: eb34c28f22e8b96e1ab97ce403110664 -> 
  custom:framework-osx-AVFoundation: e770b220cccbd017edd2c1fefb359320 -> 
  custom:video-decoder-webm-vp8: 9c59270c3fd7afecdb556c50c9e8de78 -> 
  custom:audio-decoder-ogg-vorbis: bf7c407c2cedff20999df2af8eb42d56 -> 
  custom:audio-encoder-webm-vorbis: bf7c407c2cedff20999df2af8eb42d56 -> 
========================================================================
Received Import Request.
  path: Assets/Graphics/Player2?.png
  artifactKey: Guid(ce0fd89f303ab474498f0bc046fcee12) Importer(815301076,1909f56bfc062723c751e8b465ee728b)
Start importing Assets/Graphics/Player2?.png using Guid(ce0fd89f303ab474498f0bc046fcee12) Importer(815301076,1909f56bfc062723c751e8b465ee728b)  -> (artifact id: 'afc04acd599f4fa48803777782c18e74') in 0.946648 seconds 
========================================================================
Received Import Request.
  Time since last request: 16.479146 seconds.
  path: Assets/Graphics/Player2?.png
  artifactKey: Guid(ce0fd89f303ab474498f0bc046fcee12) Importer(815301076,1909f56bfc062723c751e8b465ee728b)
Start importing Assets/Graphics/Player2?.png using Guid(ce0fd89f303ab474498f0bc046fcee12) Importer(815301076,1909f56bfc062723c751e8b465ee728b)  -> (artifact id: '892f4e9bf907a900dd52042172ef5201') in 0.013898 seconds 
========================================================================
Received Import Request.
  Time since last request: 10.534499 seconds.
  path: Assets/Graphics/Player1Idle.png
  artifactKey: Guid(5f30706d285424cbd99041eef7cd7ee1) Importer(815301076,1909f56bfc062723c751e8b465ee728b)
Start importing Assets/Graphics/Player1Idle.png using Guid(5f30706d285424cbd99041eef7cd7ee1) Importer(815301076,1909f56bfc062723c751e8b465ee728b)  -> (artifact id: '6bac6318be3a99f27f0a37520c21364d') in 0.065039 seconds 
========================================================================
Received Import Request.
  Time since last request: 10.252125 seconds.
  path: Assets/Graphics/Player1Idle.png
  artifactKey: Guid(5f30706d285424cbd99041eef7cd7ee1) Importer(815301076,1909f56bfc062723c751e8b465ee728b)
Start importing Assets/Graphics/Player1Idle.png using Guid(5f30706d285424cbd99041eef7cd7ee1) Importer(815301076,1909f56bfc062723c751e8b465ee728b)  -> (artifact id: '8acccc025ec08863d18f6db3df37d08f') in 0.009613 seconds 
========================================================================
Received Import Request.
  Time since last request: 10.632646 seconds.
  path: Assets/Graphics/Player2Idle.png
  artifactKey: Guid(b177d65032c8b427a98871df3393daa9) Importer(815301076,1909f56bfc062723c751e8b465ee728b)
Start importing Assets/Graphics/Player2Idle.png using Guid(b177d65032c8b427a98871df3393daa9) Importer(815301076,1909f56bfc062723c751e8b465ee728b)  -> (artifact id: 'd56fb73e05bb5e92dad07c176bfbd8a1') in 0.062844 seconds 
========================================================================
Received Import Request.
  Time since last request: 9.151149 seconds.
  path: Assets/Graphics/Player2Idle.png
  artifactKey: Guid(b177d65032c8b427a98871df3393daa9) Importer(815301076,1909f56bfc062723c751e8b465ee728b)
Start importing Assets/Graphics/Player2Idle.png using Guid(b177d65032c8b427a98871df3393daa9) Importer(815301076,1909f56bfc062723c751e8b465ee728b)  -> (artifact id: '9e9b22e39721ac7f9929e37dd5c9b4a7') in 0.008565 seconds 
========================================================================
Received Import Request.
  Time since last request: 18.619925 seconds.
  path: Assets/Graphics/Player1Idle.png
  artifactKey: Guid(5f30706d285424cbd99041eef7cd7ee1) Importer(815301076,1909f56bfc062723c751e8b465ee728b)
Start importing Assets/Graphics/Player1Idle.png using Guid(5f30706d285424cbd99041eef7cd7ee1) Importer(815301076,1909f56bfc062723c751e8b465ee728b)  -> (artifact id: 'be75002450d2b95ff58f6254b5e1773f') in 0.039232 seconds 
========================================================================
Received Import Request.
  Time since last request: 41.725611 seconds.
  path: Assets/Graphics/Player2?.png
  artifactKey: Guid(ce0fd89f303ab474498f0bc046fcee12) Importer(815301076,1909f56bfc062723c751e8b465ee728b)
Start importing Assets/Graphics/Player2?.png using Guid(ce0fd89f303ab474498f0bc046fcee12) Importer(815301076,1909f56bfc062723c751e8b465ee728b)  -> (artifact id: 'f8db848141fa60dd1a08eb6ad93314a1') in 0.047389 seconds 
========================================================================
Received Import Request.
  Time since last request: 81.607153 seconds.
  path: Assets/Graphics/Player2atk.png
  artifactKey: Guid(ce0fd89f303ab474498f0bc046fcee12) Importer(815301076,1909f56bfc062723c751e8b465ee728b)
Start importing Assets/Graphics/Player2atk.png using Guid(ce0fd89f303ab474498f0bc046fcee12) Importer(815301076,1909f56bfc062723c751e8b465ee728b)  -> (artifact id: '21053be049d424622a93d6501b0dfeca') in 0.029417 seconds 
========================================================================
Received Import Request.
  Time since last request: 11.631106 seconds.
  path: Assets/Graphics/Player2atk.png
  artifactKey: Guid(ce0fd89f303ab474498f0bc046fcee12) Importer(815301076,1909f56bfc062723c751e8b465ee728b)
Start importing Assets/Graphics/Player2atk.png using Guid(ce0fd89f303ab474498f0bc046fcee12) Importer(815301076,1909f56bfc062723c751e8b465ee728b)  -> (artifact id: '8461dc2d8ff7f9106ca66d762d586f59') in 0.008479 seconds 
========================================================================
Received Import Request.
  Time since last request: 143.998191 seconds.
  path: Assets/Graphics/Player2atk.png
  artifactKey: Guid(ce0fd89f303ab474498f0bc046fcee12) Importer(815301076,1909f56bfc062723c751e8b465ee728b)
Start importing Assets/Graphics/Player2atk.png using Guid(ce0fd89f303ab474498f0bc046fcee12) Importer(815301076,1909f56bfc062723c751e8b465ee728b)  -> (artifact id: '5e5bde51b1072019ee04d7e1784b2b3e') in 0.041156 seconds 
========================================================================
Received Import Request.
  Time since last request: 33.985615 seconds.
  path: Assets/Scenes/MainScene.unity
  artifactKey: Guid(2cda990e2423bbf4892e6590ba056729) Importer(815301076,1909f56bfc062723c751e8b465ee728b)
Start importing Assets/Scenes/MainScene.unity using Guid(2cda990e2423bbf4892e6590ba056729) Importer(815301076,1909f56bfc062723c751e8b465ee728b)  -> (artifact id: '89fcce8cb049fc9d405e6b930d88dc9b') in 0.003492 seconds 
========================================================================
Received Import Request.
  Time since last request: 541.668877 seconds.
  path: Assets/Graphics/Player1walk.png
  artifactKey: Guid(6d2afe05b01fa4638a9ef99f9c00d912) Importer(815301076,1909f56bfc062723c751e8b465ee728b)
Start importing Assets/Graphics/Player1walk.png using Guid(6d2afe05b01fa4638a9ef99f9c00d912) Importer(815301076,1909f56bfc062723c751e8b465ee728b)  -> (artifact id: '484431de18559b633d3375c564ad7db3') in 0.045148 seconds 
========================================================================
Received Import Request.
  Time since last request: 20.889688 seconds.
  path: Assets/Graphics/Player2Idle.png
  artifactKey: Guid(b177d65032c8b427a98871df3393daa9) Importer(815301076,1909f56bfc062723c751e8b465ee728b)
Start importing Assets/Graphics/Player2Idle.png using Guid(b177d65032c8b427a98871df3393daa9) Importer(815301076,1909f56bfc062723c751e8b465ee728b)  -> (artifact id: '819ddd50eaf9b22537f2dfc4ef44d9e5') in 0.035931 seconds 
========================================================================
Received Import Request.
  Time since last request: 18.481382 seconds.
  path: Assets/Graphics/Player1walk.png
  artifactKey: Guid(6d2afe05b01fa4638a9ef99f9c00d912) Importer(815301076,1909f56bfc062723c751e8b465ee728b)
Start importing Assets/Graphics/Player1walk.png using Guid(6d2afe05b01fa4638a9ef99f9c00d912) Importer(815301076,1909f56bfc062723c751e8b465ee728b)  -> (artifact id: '4a0893b683079f92104aa89efa88543f') in 0.010277 seconds 
========================================================================
Received Import Request.
  Time since last request: 9.803322 seconds.
  path: Assets/Graphics/Player1walk.png
  artifactKey: Guid(6d2afe05b01fa4638a9ef99f9c00d912) Importer(815301076,1909f56bfc062723c751e8b465ee728b)
Start importing Assets/Graphics/Player1walk.png using Guid(6d2afe05b01fa4638a9ef99f9c00d912) Importer(815301076,1909f56bfc062723c751e8b465ee728b)  -> (artifact id: '6650ec7eb333d63dc7afa8d7aad7d2e1') in 0.046430 seconds 
========================================================================
Received Import Request.
  Time since last request: 679.434135 seconds.
  path: Assets/Animation
  artifactKey: Guid(e0e49ae9fdec142b696473b82760b8cb) Importer(815301076,1909f56bfc062723c751e8b465ee728b)
Start importing Assets/Animation using Guid(e0e49ae9fdec142b696473b82760b8cb) Importer(815301076,1909f56bfc062723c751e8b465ee728b)  -> (artifact id: '60921638c7ac433c93c52fe208ab66ca') in 0.002938 seconds 
========================================================================
Received Import Request.
  Time since last request: 43.011376 seconds.
  path: Assets/Animation/New Animator Controller.controller
  artifactKey: Guid(02615909fe10c4922a503c40fb5f50f8) Importer(815301076,1909f56bfc062723c751e8b465ee728b)
Start importing Assets/Animation/New Animator Controller.controller using Guid(02615909fe10c4922a503c40fb5f50f8) Importer(815301076,1909f56bfc062723c751e8b465ee728b)  -> (artifact id: '598f081dbea7e6b8582ff225b1da97d1') in 0.785182 seconds 
========================================================================
Received Import Request.
  Time since last request: 9.103956 seconds.
  path: Assets/Animation/Player1Animator.controller
  artifactKey: Guid(02615909fe10c4922a503c40fb5f50f8) Importer(815301076,1909f56bfc062723c751e8b465ee728b)
Start importing Assets/Animation/Player1Animator.controller using Guid(02615909fe10c4922a503c40fb5f50f8) Importer(815301076,1909f56bfc062723c751e8b465ee728b)  -> (artifact id: '067a1d45b097f4351a591afdcc299b52') in 0.004096 seconds 
========================================================================
Received Import Request.
  Time since last request: 191.655923 seconds.
  path: Assets/Graphics/Player1Walk.anim
  artifactKey: Guid(931106b853c144160b0f4abf998fadf3) Importer(815301076,1909f56bfc062723c751e8b465ee728b)
Start importing Assets/Graphics/Player1Walk.anim using Guid(931106b853c144160b0f4abf998fadf3) Importer(815301076,1909f56bfc062723c751e8b465ee728b)  -> (artifact id: 'a85533ac9f8352cd1f4310cbdb19c795') in 0.326762 seconds 
========================================================================
Received Import Request.
  Time since last request: 412.659113 seconds.
  path: Assets/Graphics/Player1Idle.anim
  artifactKey: Guid(9a286ee77428244dd8935d607f80d175) Importer(815301076,1909f56bfc062723c751e8b465ee728b)
Start importing Assets/Graphics/Player1Idle.anim using Guid(9a286ee77428244dd8935d607f80d175) Importer(815301076,1909f56bfc062723c751e8b465ee728b)  -> (artifact id: '4e4d7c7ac31fcb1fac08c9820bcda204') in 0.006796 seconds 
========================================================================
Received Import Request.
  Time since last request: 704.959801 seconds.
  path: Assets/Graphics/Player1ATK.anim
  artifactKey: Guid(15c95d1d82f0a4865a76557ef5ba0ca8) Importer(815301076,1909f56bfc062723c751e8b465ee728b)
Start importing Assets/Graphics/Player1ATK.anim using Guid(15c95d1d82f0a4865a76557ef5ba0ca8) Importer(815301076,1909f56bfc062723c751e8b465ee728b)  -> (artifact id: '1af1cf6974fca6ee51a28e53d72d4b9a') in 0.007000 seconds 
========================================================================
Received Prepare
Registering precompiled user dll's ...
Registered in 0.007072 seconds.
Begin MonoManager ReloadAssembly
Symbol file LoadedFromMemory doesn't match image /Users/scatopc/Documents/GitHub/big-game-with-brennen-and-nick/Library/PackageCache/com.unity.visualscripting@1.6.1/Editor/VisualScripting.Core/Dependencies/YamlDotNet/Unity.VisualScripting.YamlDotNet.dll
Symbol file LoadedFromMemory doesn't match image /Users/scatopc/Documents/GitHub/big-game-with-brennen-and-nick/Library/PackageCache/com.unity.visualscripting@1.6.1/Editor/VisualScripting.Core/Dependencies/DotNetZip/Unity.VisualScripting.IonicZip.dll
Native extension for OSXStandalone target not found
Refreshing native plugins compatible for Editor in 0.64 ms, found 3 plugins.
Preloading 0 native plugins for Editor in 0.00 ms.
Mono: successfully reloaded assembly
- Completed reload, in  2.717 seconds
Domain Reload Profiling:
	ReloadAssembly (2720ms)
		BeginReloadAssembly (304ms)
			ExecutionOrderSort (0ms)
			DisableScriptedObjects (48ms)
			BackupInstance (0ms)
			ReleaseScriptingObjects (0ms)
			CreateAndSetChildDomain (136ms)
		EndReloadAssembly (2302ms)
			LoadAssemblies (195ms)
			RebuildTransferFunctionScriptingTraits (0ms)
			SetupTypeCache (472ms)
			ReleaseScriptCaches (1ms)
			RebuildScriptCaches (61ms)
			SetupLoadedEditorAssemblies (1196ms)
				LogAssemblyErrors (0ms)
				InitializePlatformSupportModulesInManaged (13ms)
				SetLoadedEditorAssemblies (1ms)
				RefreshPlugins (1ms)
				BeforeProcessingInitializeOnLoad (103ms)
				ProcessInitializeOnLoadAttributes (1043ms)
				ProcessInitializeOnLoadMethodAttributes (34ms)
				AfterProcessingInitializeOnLoad (1ms)
				EditorAssembliesLoaded (0ms)
			ExecutionOrderSort2 (0ms)
			AwakeInstancesAfterBackupRestoration (115ms)
Platform modules already initialized, skipping
Refreshing native plugins compatible for Editor in 0.66 ms, found 3 plugins.
Preloading 0 native plugins for Editor in 0.00 ms.
Unloading 3671 Unused Serialized files (Serialized files now loaded: 0)
System memory in use before: 279.3 MB.
System memory in use after: 279.6 MB.

Unloading 18 unused Assets to reduce memory usage. Loaded Objects now: 4398.
Total: 2.916167 ms (FindLiveObjects: 0.211375 ms CreateObjectMapping: 0.110083 ms MarkObjects: 2.574459 ms  DeleteObjects: 0.019333 ms)

AssetImportParameters requested are different than current active one (requested -> active):
  custom:video-decoder-ogg-theora: a1e56fd34408186e4bbccfd4996cb3dc -> 
  custom:container-muxer-webm: aa71ff27fc2769a1b78a27578f13a17b -> 
  custom:container-demuxer-webm: 4f35f7cbe854078d1ac9338744f61a02 -> 
  custom:container-demuxer-ogg: 62fdf1f143b41e24485cea50d1cbac27 -> 
  custom:video-encoder-webm-vp8: eb34c28f22e8b96e1ab97ce403110664 -> 
  custom:framework-osx-AVFoundation: e770b220cccbd017edd2c1fefb359320 -> 
  custom:video-decoder-webm-vp8: 9c59270c3fd7afecdb556c50c9e8de78 -> 
  custom:audio-decoder-ogg-vorbis: bf7c407c2cedff20999df2af8eb42d56 -> 
  custom:audio-encoder-webm-vorbis: bf7c407c2cedff20999df2af8eb42d56 -> 
========================================================================
Received Import Request.
  Time since last request: 8489.802992 seconds.
  path: Assets/Animation/Player1Animator.controller
  artifactKey: Guid(02615909fe10c4922a503c40fb5f50f8) Importer(815301076,1909f56bfc062723c751e8b465ee728b)
Start importing Assets/Animation/Player1Animator.controller using Guid(02615909fe10c4922a503c40fb5f50f8) Importer(815301076,1909f56bfc062723c751e8b465ee728b)  -> (artifact id: 'd20efa8ae153292f56e440c61fe78528') in 0.080010 seconds 
========================================================================
Received Prepare
Registering precompiled user dll's ...
Registered in 0.005060 seconds.
Begin MonoManager ReloadAssembly
Symbol file LoadedFromMemory doesn't match image /Users/scatopc/Documents/GitHub/big-game-with-brennen-and-nick/Library/PackageCache/com.unity.visualscripting@1.6.1/Editor/VisualScripting.Core/Dependencies/YamlDotNet/Unity.VisualScripting.YamlDotNet.dll
Symbol file LoadedFromMemory doesn't match image /Users/scatopc/Documents/GitHub/big-game-with-brennen-and-nick/Library/PackageCache/com.unity.visualscripting@1.6.1/Editor/VisualScripting.Core/Dependencies/DotNetZip/Unity.VisualScripting.IonicZip.dll
Native extension for OSXStandalone target not found
Refreshing native plugins compatible for Editor in 0.89 ms, found 3 plugins.
Preloading 0 native plugins for Editor in 0.00 ms.
Mono: successfully reloaded assembly
- Completed reload, in  2.617 seconds
Domain Reload Profiling:
	ReloadAssembly (2618ms)
		BeginReloadAssembly (319ms)
			ExecutionOrderSort (0ms)
			DisableScriptedObjects (53ms)
			BackupInstance (0ms)
			ReleaseScriptingObjects (0ms)
			CreateAndSetChildDomain (129ms)
		EndReloadAssembly (2194ms)
			LoadAssemblies (248ms)
			RebuildTransferFunctionScriptingTraits (0ms)
			SetupTypeCache (442ms)
			ReleaseScriptCaches (4ms)
			RebuildScriptCaches (58ms)
			SetupLoadedEditorAssemblies (1160ms)
				LogAssemblyErrors (0ms)
				InitializePlatformSupportModulesInManaged (27ms)
				SetLoadedEditorAssemblies (2ms)
				RefreshPlugins (1ms)
				BeforeProcessingInitializeOnLoad (105ms)
				ProcessInitializeOnLoadAttributes (992ms)
				ProcessInitializeOnLoadMethodAttributes (32ms)
				AfterProcessingInitializeOnLoad (1ms)
				EditorAssembliesLoaded (0ms)
			ExecutionOrderSort2 (0ms)
			AwakeInstancesAfterBackupRestoration (65ms)
Platform modules already initialized, skipping
Refreshing native plugins compatible for Editor in 0.54 ms, found 3 plugins.
Preloading 0 native plugins for Editor in 0.00 ms.
Unloading 3667 Unused Serialized files (Serialized files now loaded: 0)
System memory in use before: 279.4 MB.
System memory in use after: 279.7 MB.

Unloading 18 unused Assets to reduce memory usage. Loaded Objects now: 4401.
Total: 2.911750 ms (FindLiveObjects: 0.231084 ms CreateObjectMapping: 0.132041 ms MarkObjects: 2.520875 ms  DeleteObjects: 0.027125 ms)

AssetImportParameters requested are different than current active one (requested -> active):
  custom:video-decoder-ogg-theora: a1e56fd34408186e4bbccfd4996cb3dc -> 
  custom:container-muxer-webm: aa71ff27fc2769a1b78a27578f13a17b -> 
  custom:container-demuxer-webm: 4f35f7cbe854078d1ac9338744f61a02 -> 
  custom:container-demuxer-ogg: 62fdf1f143b41e24485cea50d1cbac27 -> 
  custom:video-encoder-webm-vp8: eb34c28f22e8b96e1ab97ce403110664 -> 
  custom:framework-osx-AVFoundation: e770b220cccbd017edd2c1fefb359320 -> 
  custom:video-decoder-webm-vp8: 9c59270c3fd7afecdb556c50c9e8de78 -> 
  custom:audio-decoder-ogg-vorbis: bf7c407c2cedff20999df2af8eb42d56 -> 
  custom:audio-encoder-webm-vorbis: bf7c407c2cedff20999df2af8eb42d56 -> 
========================================================================
Received Import Request.
  Time since last request: 30.996165 seconds.
  path: Assets/Animation/Player2Animator.controller
  artifactKey: Guid(b96642ca86f874106be0d4924923a602) Importer(815301076,1909f56bfc062723c751e8b465ee728b)
Start importing Assets/Animation/Player2Animator.controller using Guid(b96642ca86f874106be0d4924923a602) Importer(815301076,1909f56bfc062723c751e8b465ee728b)  -> (artifact id: '84bfd92a8cb9252219ea0d4b6834c735') in 0.022474 seconds 
========================================================================
Received Import Request.
  Time since last request: 30.859604 seconds.
  path: Assets/Graphics/Player1Idle 1.anim
  artifactKey: Guid(0edc96f6ecd1941a0a1ed35fc77df7f8) Importer(815301076,1909f56bfc062723c751e8b465ee728b)
Start importing Assets/Graphics/Player1Idle 1.anim using Guid(0edc96f6ecd1941a0a1ed35fc77df7f8) Importer(815301076,1909f56bfc062723c751e8b465ee728b)  -> (artifact id: '8ba4ad3cf14a560c46ccdcb6525dd562') in 0.025690 seconds 
========================================================================
Received Import Request.
  Time since last request: 10.596885 seconds.
  path: Assets/Graphics/Player2idle.anim
  artifactKey: Guid(0edc96f6ecd1941a0a1ed35fc77df7f8) Importer(815301076,1909f56bfc062723c751e8b465ee728b)
Start importing Assets/Graphics/Player2idle.anim using Guid(0edc96f6ecd1941a0a1ed35fc77df7f8) Importer(815301076,1909f56bfc062723c751e8b465ee728b)  -> (artifact id: '34212d39f9193baee19f13042acf5f72') in 0.003194 seconds 
========================================================================
Received Import Request.
  Time since last request: 75.296817 seconds.
  path: Assets/Graphics/Player2ATK.anim
  artifactKey: Guid(8a884c4fed5c14dddb7c722cc229a3b7) Importer(815301076,1909f56bfc062723c751e8b465ee728b)
Start importing Assets/Graphics/Player2ATK.anim using Guid(8a884c4fed5c14dddb7c722cc229a3b7) Importer(815301076,1909f56bfc062723c751e8b465ee728b)  -> (artifact id: '9cea4b3490a4445aaece84919d61fd14') in 0.008815 seconds 
========================================================================
Received Import Request.
  Time since last request: 39.639676 seconds.
  path: Packages/com.unity.2d.sprite/Editor/ObjectMenuCreation/DefaultAssets/Textures/v2/9Sliced.png
  artifactKey: Guid(8884154dfe85442a3a3578be807dbcdf) Importer(815301076,1909f56bfc062723c751e8b465ee728b)
Start importing Packages/com.unity.2d.sprite/Editor/ObjectMenuCreation/DefaultAssets/Textures/v2/9Sliced.png using Guid(8884154dfe85442a3a3578be807dbcdf) Importer(815301076,1909f56bfc062723c751e8b465ee728b)  -> (artifact id: '332cd449603e9f1c42a365cb80afc454') in 0.177009 seconds 
========================================================================
Received Import Request.
  Time since last request: 0.000185 seconds.
  path: Packages/com.unity.2d.sprite/Editor/ObjectMenuCreation/DefaultAssets/Textures/v2/Capsule.png
  artifactKey: Guid(207ee8102dd4143d288186ef0be518ee) Importer(815301076,1909f56bfc062723c751e8b465ee728b)
Start importing Packages/com.unity.2d.sprite/Editor/ObjectMenuCreation/DefaultAssets/Textures/v2/Capsule.png using Guid(207ee8102dd4143d288186ef0be518ee) Importer(815301076,1909f56bfc062723c751e8b465ee728b)  -> (artifact id: '1207fe34aab33906b8433d2bc1f1c8cd') in 0.013598 seconds 
========================================================================
Received Import Request.
  Time since last request: 0.000144 seconds.
  path: Packages/com.unity.2d.sprite/Editor/ObjectMenuCreation/DefaultAssets/Textures/v2/Circle.png
  artifactKey: Guid(a86470a33a6bf42c4b3595704624658b) Importer(815301076,1909f56bfc062723c751e8b465ee728b)
Start importing Packages/com.unity.2d.sprite/Editor/ObjectMenuCreation/DefaultAssets/Textures/v2/Circle.png using Guid(a86470a33a6bf42c4b3595704624658b) Importer(815301076,1909f56bfc062723c751e8b465ee728b)  -> (artifact id: '407bf333efe6579c4c53b8fbfd03cc35') in 0.009504 seconds 
========================================================================
Received Prepare
Registering precompiled user dll's ...
Registered in 0.005675 seconds.
Begin MonoManager ReloadAssembly
Symbol file LoadedFromMemory doesn't match image /Users/scatopc/Documents/GitHub/big-game-with-brennen-and-nick/Library/PackageCache/com.unity.visualscripting@1.6.1/Editor/VisualScripting.Core/Dependencies/YamlDotNet/Unity.VisualScripting.YamlDotNet.dll
Symbol file LoadedFromMemory doesn't match image /Users/scatopc/Documents/GitHub/big-game-with-brennen-and-nick/Library/PackageCache/com.unity.visualscripting@1.6.1/Editor/VisualScripting.Core/Dependencies/DotNetZip/Unity.VisualScripting.IonicZip.dll
Native extension for OSXStandalone target not found
Refreshing native plugins compatible for Editor in 1.04 ms, found 3 plugins.
Preloading 0 native plugins for Editor in 0.00 ms.
Mono: successfully reloaded assembly
- Completed reload, in  2.808 seconds
Domain Reload Profiling:
	ReloadAssembly (2809ms)
		BeginReloadAssembly (372ms)
			ExecutionOrderSort (0ms)
			DisableScriptedObjects (60ms)
			BackupInstance (0ms)
			ReleaseScriptingObjects (0ms)
			CreateAndSetChildDomain (149ms)
		EndReloadAssembly (2322ms)
			LoadAssemblies (269ms)
			RebuildTransferFunctionScriptingTraits (1ms)
			SetupTypeCache (469ms)
			ReleaseScriptCaches (1ms)
			RebuildScriptCaches (60ms)
			SetupLoadedEditorAssemblies (1226ms)
				LogAssemblyErrors (0ms)
				InitializePlatformSupportModulesInManaged (16ms)
				SetLoadedEditorAssemblies (2ms)
				RefreshPlugins (1ms)
				BeforeProcessingInitializeOnLoad (102ms)
				ProcessInitializeOnLoadAttributes (1072ms)
				ProcessInitializeOnLoadMethodAttributes (32ms)
				AfterProcessingInitializeOnLoad (1ms)
				EditorAssembliesLoaded (1ms)
			ExecutionOrderSort2 (0ms)
			AwakeInstancesAfterBackupRestoration (68ms)
Platform modules already initialized, skipping
Refreshing native plugins compatible for Editor in 0.60 ms, found 3 plugins.
Preloading 0 native plugins for Editor in 0.00 ms.
Unloading 3670 Unused Serialized files (Serialized files now loaded: 0)
System memory in use before: 281.4 MB.
System memory in use after: 281.6 MB.

Unloading 18 unused Assets to reduce memory usage. Loaded Objects now: 4452.
Total: 2.778625 ms (FindLiveObjects: 0.207209 ms CreateObjectMapping: 0.103584 ms MarkObjects: 2.445584 ms  DeleteObjects: 0.021167 ms)

AssetImportParameters requested are different than current active one (requested -> active):
  custom:video-decoder-ogg-theora: a1e56fd34408186e4bbccfd4996cb3dc -> 
  custom:container-muxer-webm: aa71ff27fc2769a1b78a27578f13a17b -> 
  custom:container-demuxer-webm: 4f35f7cbe854078d1ac9338744f61a02 -> 
  custom:container-demuxer-ogg: 62fdf1f143b41e24485cea50d1cbac27 -> 
  custom:video-encoder-webm-vp8: eb34c28f22e8b96e1ab97ce403110664 -> 
  custom:framework-osx-AVFoundation: e770b220cccbd017edd2c1fefb359320 -> 
  custom:video-decoder-webm-vp8: 9c59270c3fd7afecdb556c50c9e8de78 -> 
  custom:audio-decoder-ogg-vorbis: bf7c407c2cedff20999df2af8eb42d56 -> 
  custom:audio-encoder-webm-vorbis: bf7c407c2cedff20999df2af8eb42d56 -> 
========================================================================
Received Prepare
Registering precompiled user dll's ...
Registered in 0.006385 seconds.
Begin MonoManager ReloadAssembly
Symbol file LoadedFromMemory doesn't match image /Users/scatopc/Documents/GitHub/big-game-with-brennen-and-nick/Library/PackageCache/com.unity.visualscripting@1.6.1/Editor/VisualScripting.Core/Dependencies/YamlDotNet/Unity.VisualScripting.YamlDotNet.dll
Symbol file LoadedFromMemory doesn't match image /Users/scatopc/Documents/GitHub/big-game-with-brennen-and-nick/Library/PackageCache/com.unity.visualscripting@1.6.1/Editor/VisualScripting.Core/Dependencies/DotNetZip/Unity.VisualScripting.IonicZip.dll
Native extension for OSXStandalone target not found
Refreshing native plugins compatible for Editor in 0.72 ms, found 3 plugins.
Preloading 0 native plugins for Editor in 0.00 ms.
Mono: successfully reloaded assembly
- Completed reload, in  2.764 seconds
Domain Reload Profiling:
	ReloadAssembly (2765ms)
		BeginReloadAssembly (347ms)
			ExecutionOrderSort (0ms)
			DisableScriptedObjects (55ms)
			BackupInstance (0ms)
			ReleaseScriptingObjects (0ms)
			CreateAndSetChildDomain (126ms)
		EndReloadAssembly (2307ms)
			LoadAssemblies (272ms)
			RebuildTransferFunctionScriptingTraits (0ms)
			SetupTypeCache (459ms)
			ReleaseScriptCaches (1ms)
			RebuildScriptCaches (60ms)
			SetupLoadedEditorAssemblies (1212ms)
				LogAssemblyErrors (0ms)
				InitializePlatformSupportModulesInManaged (14ms)
				SetLoadedEditorAssemblies (2ms)
				RefreshPlugins (1ms)
				BeforeProcessingInitializeOnLoad (103ms)
				ProcessInitializeOnLoadAttributes (1058ms)
				ProcessInitializeOnLoadMethodAttributes (34ms)
				AfterProcessingInitializeOnLoad (1ms)
				EditorAssembliesLoaded (0ms)
			ExecutionOrderSort2 (0ms)
			AwakeInstancesAfterBackupRestoration (73ms)
Platform modules already initialized, skipping
Refreshing native plugins compatible for Editor in 0.67 ms, found 3 plugins.
Preloading 0 native plugins for Editor in 0.00 ms.
Unloading 3667 Unused Serialized files (Serialized files now loaded: 0)
System memory in use before: 281.5 MB.
System memory in use after: 281.7 MB.

Unloading 18 unused Assets to reduce memory usage. Loaded Objects now: 4455.
Total: 2.923000 ms (FindLiveObjects: 0.229584 ms CreateObjectMapping: 0.091625 ms MarkObjects: 2.579875 ms  DeleteObjects: 0.021125 ms)

AssetImportParameters requested are different than current active one (requested -> active):
  custom:video-decoder-ogg-theora: a1e56fd34408186e4bbccfd4996cb3dc -> 
  custom:container-muxer-webm: aa71ff27fc2769a1b78a27578f13a17b -> 
  custom:container-demuxer-webm: 4f35f7cbe854078d1ac9338744f61a02 -> 
  custom:container-demuxer-ogg: 62fdf1f143b41e24485cea50d1cbac27 -> 
  custom:video-encoder-webm-vp8: eb34c28f22e8b96e1ab97ce403110664 -> 
  custom:framework-osx-AVFoundation: e770b220cccbd017edd2c1fefb359320 -> 
  custom:video-decoder-webm-vp8: 9c59270c3fd7afecdb556c50c9e8de78 -> 
  custom:audio-decoder-ogg-vorbis: bf7c407c2cedff20999df2af8eb42d56 -> 
  custom:audio-encoder-webm-vorbis: bf7c407c2cedff20999df2af8eb42d56 -> 
