Unity Editor version:    2021.1.19f1 (5f5eb8bbdc25)
Branch:                  2021.1/staging
Build type:              Release
Batch mode:              YES
macOS version:           Version 11.5.2 (Build 20G95)
Darwin version:          20.6.0
Architecture:            x86_64
Running under Rosetta:   YES
Available memory:        8192 MB
Using pre-set license
Pro License: NO
Pro License: NO

COMMAND LINE ARGUMENTS:
/Applications/Unity/Hub/Editor/2021.1.19f1/Unity.app/Contents/MacOS/Unity
-adb2
-batchMode
-noUpm
-name
AssetImportWorker0
-projectPath
/Users/scatopc/Documents/GitHub/big-game-with-brennen-and-nick
-logFile
Logs/AssetImportWorker0.log
-srvPort
51380
Successfully changed project path to: /Users/scatopc/Documents/GitHub/big-game-with-brennen-and-nick
/Users/scatopc/Documents/GitHub/big-game-with-brennen-and-nick
Using Asset Import Pipeline V2.
Refreshing native plugins compatible for Editor in 117.64 ms, found 3 plugins.
Preloading 0 native plugins for Editor in 0.00 ms.
Initialize engine version: 2021.1.19f1 (5f5eb8bbdc25)
[Subsystems] Discovering subsystems at path /Applications/Unity/Hub/Editor/2021.1.19f1/Unity.app/Contents/Resources/UnitySubsystems
[Subsystems] Discovering subsystems at path /Users/scatopc/Documents/GitHub/big-game-with-brennen-and-nick/Assets
GfxDevice: creating device client; threaded=0; jobified=0
2021-11-04 14:52:18.853 Unity[16852:596928] (null) preferred device: Apple M1 (high power)
2021-11-04 14:52:18.853 Unity[16852:596928] Metal devices available: 1
2021-11-04 14:52:18.853 Unity[16852:596928] 0: Apple M1 (high power)
2021-11-04 14:52:18.853 Unity[16852:596928] Using device Apple M1 (high power)
Initializing Metal device caps: Apple M1
Initialize mono
Mono path[0] = '/Applications/Unity/Hub/Editor/2021.1.19f1/Unity.app/Contents/Managed'
Mono path[1] = '/Applications/Unity/Hub/Editor/2021.1.19f1/Unity.app/Contents/MonoBleedingEdge/lib/mono/unityjit'
Mono config path = '/Applications/Unity/Hub/Editor/2021.1.19f1/Unity.app/Contents/MonoBleedingEdge/etc'
Using monoOptions --debugger-agent=transport=dt_socket,embedding=1,server=y,suspend=n,address=127.0.0.1:56852
Begin MonoManager ReloadAssembly
Registering precompiled unity dll's ...
Register platform support module: /Applications/Unity/Hub/Editor/2021.1.19f1/Unity.app/Contents/PlaybackEngines/MacStandaloneSupport/UnityEditor.OSXStandalone.Extensions.dll
Registered in 0.002188 seconds.
Native extension for OSXStandalone target not found
Refreshing native plugins compatible for Editor in 105.41 ms, found 3 plugins.
Preloading 0 native plugins for Editor in 0.00 ms.
Mono: successfully reloaded assembly
- Completed reload, in  2.822 seconds
Domain Reload Profiling:
	ReloadAssembly (2822ms)
		BeginReloadAssembly (115ms)
			ExecutionOrderSort (0ms)
			DisableScriptedObjects (0ms)
			BackupInstance (0ms)
			ReleaseScriptingObjects (0ms)
			CreateAndSetChildDomain (3ms)
		EndReloadAssembly (1053ms)
			LoadAssemblies (113ms)
			RebuildTransferFunctionScriptingTraits (1ms)
			SetupTypeCache (215ms)
			ReleaseScriptCaches (0ms)
			RebuildScriptCaches (53ms)
			SetupLoadedEditorAssemblies (652ms)
				LogAssemblyErrors (0ms)
				InitializePlatformSupportModulesInManaged (18ms)
				SetLoadedEditorAssemblies (1ms)
				RefreshPlugins (105ms)
				BeforeProcessingInitializeOnLoad (6ms)
				ProcessInitializeOnLoadAttributes (389ms)
				ProcessInitializeOnLoadMethodAttributes (132ms)
				AfterProcessingInitializeOnLoad (0ms)
				EditorAssembliesLoaded (1ms)
			ExecutionOrderSort2 (0ms)
			AwakeInstancesAfterBackupRestoration (0ms)
Platform modules already initialized, skipping
Registering precompiled user dll's ...
Registered in 0.004429 seconds.
Begin MonoManager ReloadAssembly
Symbol file LoadedFromMemory doesn't match image /Users/scatopc/Documents/GitHub/big-game-with-brennen-and-nick/Library/PackageCache/com.unity.visualscripting@1.6.1/Editor/VisualScripting.Core/Dependencies/YamlDotNet/Unity.VisualScripting.YamlDotNet.dll
Symbol file LoadedFromMemory doesn't match image /Users/scatopc/Documents/GitHub/big-game-with-brennen-and-nick/Library/PackageCache/com.unity.visualscripting@1.6.1/Editor/VisualScripting.Core/Dependencies/DotNetZip/Unity.VisualScripting.IonicZip.dll
Native extension for OSXStandalone target not found
Refreshing native plugins compatible for Editor in 102.79 ms, found 3 plugins.
Preloading 0 native plugins for Editor in 0.00 ms.
Mono: successfully reloaded assembly
- Completed reload, in  2.782 seconds
Domain Reload Profiling:
	ReloadAssembly (2783ms)
		BeginReloadAssembly (284ms)
			ExecutionOrderSort (0ms)
			DisableScriptedObjects (31ms)
			BackupInstance (0ms)
			ReleaseScriptingObjects (0ms)
			CreateAndSetChildDomain (45ms)
		EndReloadAssembly (2386ms)
			LoadAssemblies (210ms)
			RebuildTransferFunctionScriptingTraits (0ms)
			SetupTypeCache (467ms)
			ReleaseScriptCaches (1ms)
			RebuildScriptCaches (66ms)
			SetupLoadedEditorAssemblies (1348ms)
				LogAssemblyErrors (0ms)
				InitializePlatformSupportModulesInManaged (9ms)
				SetLoadedEditorAssemblies (0ms)
				RefreshPlugins (103ms)
				BeforeProcessingInitializeOnLoad (134ms)
				ProcessInitializeOnLoadAttributes (1053ms)
				ProcessInitializeOnLoadMethodAttributes (48ms)
				AfterProcessingInitializeOnLoad (1ms)
				EditorAssembliesLoaded (0ms)
			ExecutionOrderSort2 (0ms)
			AwakeInstancesAfterBackupRestoration (33ms)
Platform modules already initialized, skipping
========================================================================
Worker process is ready to serve import requests
Launching external process: /Applications/Unity/Hub/Editor/2021.1.19f1/Unity.app/Contents/Tools/UnityShaderCompiler
Launched and connected shader compiler UnityShaderCompiler after 0.07 seconds
Refreshing native plugins compatible for Editor in 0.62 ms, found 3 plugins.
Preloading 0 native plugins for Editor in 0.00 ms.
Unloading 3675 Unused Serialized files (Serialized files now loaded: 0)
System memory in use before: 251.8 MB.
System memory in use after: 252.0 MB.

Unloading 30 unused Assets to reduce memory usage. Loaded Objects now: 4125.
Total: 4.233750 ms (FindLiveObjects: 0.333875 ms CreateObjectMapping: 0.088583 ms MarkObjects: 3.754833 ms  DeleteObjects: 0.055666 ms)

AssetImportParameters requested are different than current active one (requested -> active):
  custom:video-decoder-ogg-theora: a1e56fd34408186e4bbccfd4996cb3dc -> 
  custom:container-muxer-webm: aa71ff27fc2769a1b78a27578f13a17b -> 
  custom:container-demuxer-webm: 4f35f7cbe854078d1ac9338744f61a02 -> 
  custom:container-demuxer-ogg: 62fdf1f143b41e24485cea50d1cbac27 -> 
  custom:video-encoder-webm-vp8: eb34c28f22e8b96e1ab97ce403110664 -> 
  custom:framework-osx-AVFoundation: e770b220cccbd017edd2c1fefb359320 -> 
  custom:video-decoder-webm-vp8: 9c59270c3fd7afecdb556c50c9e8de78 -> 
  custom:audio-decoder-ogg-vorbis: bf7c407c2cedff20999df2af8eb42d56 -> 
  custom:audio-encoder-webm-vorbis: bf7c407c2cedff20999df2af8eb42d56 -> 
========================================================================
Received Import Request.
  path: Assets/Graphics
  artifactKey: Guid(d6aba2ad9b955094384a296b3c5cc9e2) Importer(815301076,1909f56bfc062723c751e8b465ee728b)
Start importing Assets/Graphics using Guid(d6aba2ad9b955094384a296b3c5cc9e2) Importer(815301076,1909f56bfc062723c751e8b465ee728b)  -> (artifact id: '7ae3e416fc10cd986b6d92e7310859c4') in 0.010365 seconds 
========================================================================
Received Import Request.
  Time since last request: 0.000234 seconds.
  path: Assets/Graphics/GrassPlatform.png
  artifactKey: Guid(f8cb968bc5d1fba43974398d9fb46344) Importer(815301076,1909f56bfc062723c751e8b465ee728b)
Start importing Assets/Graphics/GrassPlatform.png using Guid(f8cb968bc5d1fba43974398d9fb46344) Importer(815301076,1909f56bfc062723c751e8b465ee728b)  -> (artifact id: '9d83838b7d15276b263b4ebe8c84302a') in 0.972292 seconds 
========================================================================
Received Import Request.
  Time since last request: 26.596694 seconds.
  path: Assets/Graphics/sunny.png
  artifactKey: Guid(dc6109df7e21a4e69b50991b8ad41ea1) Importer(815301076,1909f56bfc062723c751e8b465ee728b)
Start importing Assets/Graphics/sunny.png using Guid(dc6109df7e21a4e69b50991b8ad41ea1) Importer(815301076,1909f56bfc062723c751e8b465ee728b)  -> (artifact id: 'd4f180549b50a367770bb793485bf370') in 0.032465 seconds 
========================================================================
Received Import Request.
  Time since last request: 188.910349 seconds.
  path: Assets/Graphics/sunny.png
  artifactKey: Guid(dc6109df7e21a4e69b50991b8ad41ea1) Importer(815301076,1909f56bfc062723c751e8b465ee728b)
Start importing Assets/Graphics/sunny.png using Guid(dc6109df7e21a4e69b50991b8ad41ea1) Importer(815301076,1909f56bfc062723c751e8b465ee728b)  -> (artifact id: '792ebe110728195ba83a013f0e8221b2') in 0.037325 seconds 
========================================================================
Received Prepare
Registering precompiled user dll's ...
Registered in 0.002672 seconds.
Begin MonoManager ReloadAssembly
Symbol file LoadedFromMemory doesn't match image /Users/scatopc/Documents/GitHub/big-game-with-brennen-and-nick/Library/PackageCache/com.unity.visualscripting@1.6.1/Editor/VisualScripting.Core/Dependencies/YamlDotNet/Unity.VisualScripting.YamlDotNet.dll
Symbol file LoadedFromMemory doesn't match image /Users/scatopc/Documents/GitHub/big-game-with-brennen-and-nick/Library/PackageCache/com.unity.visualscripting@1.6.1/Editor/VisualScripting.Core/Dependencies/DotNetZip/Unity.VisualScripting.IonicZip.dll
Native extension for OSXStandalone target not found
Refreshing native plugins compatible for Editor in 0.67 ms, found 3 plugins.
Preloading 0 native plugins for Editor in 0.00 ms.
Mono: successfully reloaded assembly
- Completed reload, in  2.947 seconds
Domain Reload Profiling:
	ReloadAssembly (2948ms)
		BeginReloadAssembly (331ms)
			ExecutionOrderSort (0ms)
			DisableScriptedObjects (38ms)
			BackupInstance (0ms)
			ReleaseScriptingObjects (0ms)
			CreateAndSetChildDomain (155ms)
		EndReloadAssembly (2502ms)
			LoadAssemblies (244ms)
			RebuildTransferFunctionScriptingTraits (0ms)
			SetupTypeCache (470ms)
			ReleaseScriptCaches (1ms)
			RebuildScriptCaches (61ms)
			SetupLoadedEditorAssemblies (1375ms)
				LogAssemblyErrors (0ms)
				InitializePlatformSupportModulesInManaged (14ms)
				SetLoadedEditorAssemblies (2ms)
				RefreshPlugins (1ms)
				BeforeProcessingInitializeOnLoad (113ms)
				ProcessInitializeOnLoadAttributes (1209ms)
				ProcessInitializeOnLoadMethodAttributes (35ms)
				AfterProcessingInitializeOnLoad (1ms)
				EditorAssembliesLoaded (0ms)
			ExecutionOrderSort2 (0ms)
			AwakeInstancesAfterBackupRestoration (69ms)
Platform modules already initialized, skipping
Refreshing native plugins compatible for Editor in 0.72 ms, found 3 plugins.
Preloading 0 native plugins for Editor in 0.00 ms.
Unloading 3668 Unused Serialized files (Serialized files now loaded: 0)
System memory in use before: 272.3 MB.
System memory in use after: 272.6 MB.

Unloading 18 unused Assets to reduce memory usage. Loaded Objects now: 4182.
Total: 4.485792 ms (FindLiveObjects: 0.584125 ms CreateObjectMapping: 0.104083 ms MarkObjects: 3.766166 ms  DeleteObjects: 0.030375 ms)

AssetImportParameters requested are different than current active one (requested -> active):
  custom:video-decoder-ogg-theora: a1e56fd34408186e4bbccfd4996cb3dc -> 
  custom:container-muxer-webm: aa71ff27fc2769a1b78a27578f13a17b -> 
  custom:container-demuxer-webm: 4f35f7cbe854078d1ac9338744f61a02 -> 
  custom:container-demuxer-ogg: 62fdf1f143b41e24485cea50d1cbac27 -> 
  custom:video-encoder-webm-vp8: eb34c28f22e8b96e1ab97ce403110664 -> 
  custom:framework-osx-AVFoundation: e770b220cccbd017edd2c1fefb359320 -> 
  custom:video-decoder-webm-vp8: 9c59270c3fd7afecdb556c50c9e8de78 -> 
  custom:audio-decoder-ogg-vorbis: bf7c407c2cedff20999df2af8eb42d56 -> 
  custom:audio-encoder-webm-vorbis: bf7c407c2cedff20999df2af8eb42d56 -> 
